2024-03-21T13:31:17.245+05:30  INFO 1400 --- [user_profile] [restartedMain] c.spring.secure.UserProfileApplication   : Starting UserProfileApplication using Java 17.0.10 with PID 1400 (C:\Users\ParnapalliNandiniNar\Downloads\user_profile 1\user_profile\target\classes started by ParnapalliNandiniNar in C:\Users\ParnapalliNandiniNar\Downloads\user_profile 1\user_profile)
2024-03-21T13:31:17.255+05:30  INFO 1400 --- [user_profile] [restartedMain] c.spring.secure.UserProfileApplication   : No active profile set, falling back to 1 default profile: "default"
2024-03-21T13:31:17.349+05:30  INFO 1400 --- [user_profile] [restartedMain] .e.DevToolsPropertyDefaultsPostProcessor : Devtools property defaults active! Set 'spring.devtools.add-properties' to 'false' to disable
2024-03-21T13:31:17.349+05:30  INFO 1400 --- [user_profile] [restartedMain] .e.DevToolsPropertyDefaultsPostProcessor : For additional web related logging consider setting the 'logging.level.web' property to 'DEBUG'
2024-03-21T13:31:18.670+05:30  INFO 1400 --- [user_profile] [restartedMain] .s.d.r.c.RepositoryConfigurationDelegate : Bootstrapping Spring Data JPA repositories in DEFAULT mode.
2024-03-21T13:31:18.788+05:30  INFO 1400 --- [user_profile] [restartedMain] .s.d.r.c.RepositoryConfigurationDelegate : Finished Spring Data repository scanning in 101 ms. Found 1 JPA repository interface.
2024-03-21T13:31:19.946+05:30  INFO 1400 --- [user_profile] [restartedMain] o.s.b.w.embedded.tomcat.TomcatWebServer  : Tomcat initialized with port 8080 (http)
2024-03-21T13:31:19.979+05:30  INFO 1400 --- [user_profile] [restartedMain] o.apache.catalina.core.StandardService   : Starting service [Tomcat]
2024-03-21T13:31:19.980+05:30  INFO 1400 --- [user_profile] [restartedMain] o.apache.catalina.core.StandardEngine    : Starting Servlet engine: [Apache Tomcat/10.1.19]
2024-03-21T13:31:20.082+05:30  INFO 1400 --- [user_profile] [restartedMain] o.a.c.c.C.[Tomcat].[localhost].[/]       : Initializing Spring embedded WebApplicationContext
2024-03-21T13:31:20.083+05:30  INFO 1400 --- [user_profile] [restartedMain] w.s.c.ServletWebServerApplicationContext : Root WebApplicationContext: initialization completed in 2732 ms
2024-03-21T13:31:20.426+05:30  INFO 1400 --- [user_profile] [restartedMain] o.hibernate.jpa.internal.util.LogHelper  : HHH000204: Processing PersistenceUnitInfo [name: default]
2024-03-21T13:31:20.573+05:30  INFO 1400 --- [user_profile] [restartedMain] org.hibernate.Version                    : HHH000412: Hibernate ORM core version 6.4.4.Final
2024-03-21T13:31:20.644+05:30  INFO 1400 --- [user_profile] [restartedMain] o.h.c.internal.RegionFactoryInitiator    : HHH000026: Second-level cache disabled
2024-03-21T13:31:21.257+05:30  INFO 1400 --- [user_profile] [restartedMain] o.s.o.j.p.SpringPersistenceUnitInfo      : No LoadTimeWeaver setup: ignoring JPA class transformer
2024-03-21T13:31:21.308+05:30  INFO 1400 --- [user_profile] [restartedMain] com.zaxxer.hikari.HikariDataSource       : HikariPool-1 - Starting...
2024-03-21T13:31:21.790+05:30  INFO 1400 --- [user_profile] [restartedMain] com.zaxxer.hikari.pool.HikariPool        : HikariPool-1 - Added connection com.mysql.cj.jdbc.ConnectionImpl@4014737b
2024-03-21T13:31:21.797+05:30  INFO 1400 --- [user_profile] [restartedMain] com.zaxxer.hikari.HikariDataSource       : HikariPool-1 - Start completed.
2024-03-21T13:31:22.009+05:30  WARN 1400 --- [user_profile] [restartedMain] org.hibernate.orm.deprecation            : HHH90000025: MySQL8Dialect does not need to be specified explicitly using 'hibernate.dialect' (remove the property setting and it will be selected by default)
2024-03-21T13:31:22.012+05:30  WARN 1400 --- [user_profile] [restartedMain] org.hibernate.orm.deprecation            : HHH90000026: MySQL8Dialect has been deprecated; use org.hibernate.dialect.MySQLDialect instead
2024-03-21T13:31:23.412+05:30  INFO 1400 --- [user_profile] [restartedMain] o.h.e.t.j.p.i.JtaPlatformInitiator       : HHH000489: No JTA platform available (set 'hibernate.transaction.jta.platform' to enable JTA platform integration)
2024-03-21T13:31:23.584+05:30  INFO 1400 --- [user_profile] [restartedMain] j.LocalContainerEntityManagerFactoryBean : Initialized JPA EntityManagerFactory for persistence unit 'default'
2024-03-21T13:31:24.306+05:30  WARN 1400 --- [user_profile] [restartedMain] JpaBaseConfiguration$JpaWebConfiguration : spring.jpa.open-in-view is enabled by default. Therefore, database queries may be performed during view rendering. Explicitly configure spring.jpa.open-in-view to disable this warning
2024-03-21T13:31:24.711+05:30  INFO 1400 --- [user_profile] [restartedMain] o.s.s.web.DefaultSecurityFilterChain     : Will secure any request with [org.springframework.security.web.session.DisableEncodeUrlFilter@49ac203f, org.springframework.security.web.context.request.async.WebAsyncManagerIntegrationFilter@336b7671, org.springframework.security.web.context.SecurityContextHolderFilter@64421a74, org.springframework.security.web.header.HeaderWriterFilter@722abb79, org.springframework.web.filter.CorsFilter@56be37ba, org.springframework.security.web.authentication.logout.LogoutFilter@7b9ea89b, org.springframework.security.web.authentication.www.BasicAuthenticationFilter@13ed3a09, org.springframework.security.web.savedrequest.RequestCacheAwareFilter@5d753d96, org.springframework.security.web.servletapi.SecurityContextHolderAwareRequestFilter@32c0fb6d, org.springframework.security.web.authentication.AnonymousAuthenticationFilter@3ba4b922, org.springframework.security.web.access.ExceptionTranslationFilter@18809e29, org.springframework.security.web.access.intercept.AuthorizationFilter@224e6fd8]
2024-03-21T13:31:25.022+05:30  INFO 1400 --- [user_profile] [restartedMain] o.s.b.d.a.OptionalLiveReloadServer       : LiveReload server is running on port 35729
2024-03-21T13:31:25.073+05:30  INFO 1400 --- [user_profile] [restartedMain] o.s.b.w.embedded.tomcat.TomcatWebServer  : Tomcat started on port 8080 (http) with context path ''
2024-03-21T13:31:25.087+05:30  INFO 1400 --- [user_profile] [restartedMain] c.spring.secure.UserProfileApplication   : Started UserProfileApplication in 8.793 seconds (process running for 9.81)
2024-03-21T13:37:08.538+05:30  INFO 1400 --- [user_profile] [http-nio-8080-exec-1] o.a.c.c.C.[Tomcat].[localhost].[/]       : Initializing Spring DispatcherServlet 'dispatcherServlet'
2024-03-21T13:37:08.540+05:30  INFO 1400 --- [user_profile] [http-nio-8080-exec-1] o.s.web.servlet.DispatcherServlet        : Initializing Servlet 'dispatcherServlet'
2024-03-21T13:37:08.543+05:30  INFO 1400 --- [user_profile] [http-nio-8080-exec-1] o.s.web.servlet.DispatcherServlet        : Completed initialization in 3 ms
2024-03-21T13:44:50.889+05:30  INFO 1400 --- [user_profile] [File Watcher] rtingClassPathChangeChangedEventListener : Restarting due to 1 class path change (0 additions, 0 deletions, 1 modification)
2024-03-21T13:44:50.939+05:30  INFO 1400 --- [user_profile] [Thread-5] j.LocalContainerEntityManagerFactoryBean : Closing JPA EntityManagerFactory for persistence unit 'default'
2024-03-21T13:44:50.949+05:30  INFO 1400 --- [user_profile] [Thread-5] com.zaxxer.hikari.HikariDataSource       : HikariPool-1 - Shutdown initiated...
2024-03-21T13:44:50.973+05:30  INFO 1400 --- [user_profile] [Thread-5] com.zaxxer.hikari.HikariDataSource       : HikariPool-1 - Shutdown completed.
2024-03-21T13:44:51.127+05:30  INFO 1400 --- [user_profile] [restartedMain] c.spring.secure.UserProfileApplication   : Starting UserProfileApplication using Java 17.0.10 with PID 1400 (C:\Users\ParnapalliNandiniNar\Downloads\user_profile 1\user_profile\target\classes started by ParnapalliNandiniNar in C:\Users\ParnapalliNandiniNar\Downloads\user_profile 1\user_profile)
2024-03-21T13:44:51.128+05:30  INFO 1400 --- [user_profile] [restartedMain] c.spring.secure.UserProfileApplication   : No active profile set, falling back to 1 default profile: "default"
2024-03-21T13:44:51.470+05:30  INFO 1400 --- [user_profile] [restartedMain] .s.d.r.c.RepositoryConfigurationDelegate : Bootstrapping Spring Data JPA repositories in DEFAULT mode.
2024-03-21T13:44:51.488+05:30  INFO 1400 --- [user_profile] [restartedMain] .s.d.r.c.RepositoryConfigurationDelegate : Finished Spring Data repository scanning in 16 ms. Found 1 JPA repository interface.
2024-03-21T13:44:51.659+05:30  INFO 1400 --- [user_profile] [restartedMain] o.s.b.w.embedded.tomcat.TomcatWebServer  : Tomcat initialized with port 8080 (http)
2024-03-21T13:44:51.660+05:30  INFO 1400 --- [user_profile] [restartedMain] o.apache.catalina.core.StandardService   : Starting service [Tomcat]
2024-03-21T13:44:51.661+05:30  INFO 1400 --- [user_profile] [restartedMain] o.apache.catalina.core.StandardEngine    : Starting Servlet engine: [Apache Tomcat/10.1.19]
2024-03-21T13:44:51.703+05:30  INFO 1400 --- [user_profile] [restartedMain] o.a.c.c.C.[Tomcat].[localhost].[/]       : Initializing Spring embedded WebApplicationContext
2024-03-21T13:44:51.704+05:30  INFO 1400 --- [user_profile] [restartedMain] w.s.c.ServletWebServerApplicationContext : Root WebApplicationContext: initialization completed in 572 ms
2024-03-21T13:44:51.758+05:30  INFO 1400 --- [user_profile] [restartedMain] o.hibernate.jpa.internal.util.LogHelper  : HHH000204: Processing PersistenceUnitInfo [name: default]
2024-03-21T13:44:51.765+05:30  INFO 1400 --- [user_profile] [restartedMain] o.h.c.internal.RegionFactoryInitiator    : HHH000026: Second-level cache disabled
2024-03-21T13:44:51.774+05:30  INFO 1400 --- [user_profile] [restartedMain] o.s.o.j.p.SpringPersistenceUnitInfo      : No LoadTimeWeaver setup: ignoring JPA class transformer
2024-03-21T13:44:51.776+05:30  INFO 1400 --- [user_profile] [restartedMain] com.zaxxer.hikari.HikariDataSource       : HikariPool-2 - Starting...
2024-03-21T13:44:51.798+05:30  INFO 1400 --- [user_profile] [restartedMain] com.zaxxer.hikari.pool.HikariPool        : HikariPool-2 - Added connection com.mysql.cj.jdbc.ConnectionImpl@3664ab07
2024-03-21T13:44:51.799+05:30  INFO 1400 --- [user_profile] [restartedMain] com.zaxxer.hikari.HikariDataSource       : HikariPool-2 - Start completed.
2024-03-21T13:44:51.800+05:30  WARN 1400 --- [user_profile] [restartedMain] org.hibernate.orm.deprecation            : HHH90000025: MySQL8Dialect does not need to be specified explicitly using 'hibernate.dialect' (remove the property setting and it will be selected by default)
2024-03-21T13:44:51.800+05:30  WARN 1400 --- [user_profile] [restartedMain] org.hibernate.orm.deprecation            : HHH90000026: MySQL8Dialect has been deprecated; use org.hibernate.dialect.MySQLDialect instead
2024-03-21T13:44:51.856+05:30  INFO 1400 --- [user_profile] [restartedMain] o.h.e.t.j.p.i.JtaPlatformInitiator       : HHH000489: No JTA platform available (set 'hibernate.transaction.jta.platform' to enable JTA platform integration)
2024-03-21T13:44:52.054+05:30  INFO 1400 --- [user_profile] [restartedMain] j.LocalContainerEntityManagerFactoryBean : Initialized JPA EntityManagerFactory for persistence unit 'default'
2024-03-21T13:44:52.176+05:30  WARN 1400 --- [user_profile] [restartedMain] JpaBaseConfiguration$JpaWebConfiguration : spring.jpa.open-in-view is enabled by default. Therefore, database queries may be performed during view rendering. Explicitly configure spring.jpa.open-in-view to disable this warning
2024-03-21T13:44:52.265+05:30  INFO 1400 --- [user_profile] [restartedMain] o.s.s.web.DefaultSecurityFilterChain     : Will secure any request with [org.springframework.security.web.session.DisableEncodeUrlFilter@78449784, org.springframework.security.web.context.request.async.WebAsyncManagerIntegrationFilter@2c2e3fdd, org.springframework.security.web.context.SecurityContextHolderFilter@1c6f41a2, org.springframework.security.web.header.HeaderWriterFilter@69e8826e, org.springframework.web.filter.CorsFilter@19e39b31, org.springframework.security.web.authentication.logout.LogoutFilter@4fcb8d61, org.springframework.security.web.authentication.www.BasicAuthenticationFilter@6b77af0e, org.springframework.security.web.savedrequest.RequestCacheAwareFilter@499e131b, org.springframework.security.web.servletapi.SecurityContextHolderAwareRequestFilter@499b2b4, org.springframework.security.web.authentication.AnonymousAuthenticationFilter@4fba58dc, org.springframework.security.web.access.ExceptionTranslationFilter@5d9127e, org.springframework.security.web.access.intercept.AuthorizationFilter@3fb14920]
2024-03-21T13:44:52.344+05:30  INFO 1400 --- [user_profile] [restartedMain] o.s.b.d.a.OptionalLiveReloadServer       : LiveReload server is running on port 35729
2024-03-21T13:44:52.358+05:30  INFO 1400 --- [user_profile] [restartedMain] o.s.b.w.embedded.tomcat.TomcatWebServer  : Tomcat started on port 8080 (http) with context path ''
2024-03-21T13:44:52.365+05:30  INFO 1400 --- [user_profile] [restartedMain] c.spring.secure.UserProfileApplication   : Started UserProfileApplication in 1.29 seconds (process running for 817.087)
2024-03-21T13:44:52.368+05:30  INFO 1400 --- [user_profile] [restartedMain] .ConditionEvaluationDeltaLoggingListener : Condition evaluation unchanged
2024-03-21T13:45:16.680+05:30  INFO 8860 --- [user_profile] [restartedMain] c.spring.secure.UserProfileApplication   : Starting UserProfileApplication using Java 17.0.10 with PID 8860 (C:\Users\ParnapalliNandiniNar\Downloads\user_profile 1\user_profile\target\classes started by ParnapalliNandiniNar in C:\Users\ParnapalliNandiniNar\Downloads\user_profile 1\user_profile)
2024-03-21T13:45:16.683+05:30  INFO 8860 --- [user_profile] [restartedMain] c.spring.secure.UserProfileApplication   : No active profile set, falling back to 1 default profile: "default"
2024-03-21T13:45:16.758+05:30  INFO 8860 --- [user_profile] [restartedMain] .e.DevToolsPropertyDefaultsPostProcessor : Devtools property defaults active! Set 'spring.devtools.add-properties' to 'false' to disable
2024-03-21T13:45:16.759+05:30  INFO 8860 --- [user_profile] [restartedMain] .e.DevToolsPropertyDefaultsPostProcessor : For additional web related logging consider setting the 'logging.level.web' property to 'DEBUG'
2024-03-21T13:45:17.793+05:30  INFO 8860 --- [user_profile] [restartedMain] .s.d.r.c.RepositoryConfigurationDelegate : Bootstrapping Spring Data JPA repositories in DEFAULT mode.
2024-03-21T13:45:17.898+05:30  INFO 8860 --- [user_profile] [restartedMain] .s.d.r.c.RepositoryConfigurationDelegate : Finished Spring Data repository scanning in 91 ms. Found 1 JPA repository interface.
2024-03-21T13:45:18.852+05:30  INFO 8860 --- [user_profile] [restartedMain] o.s.b.w.embedded.tomcat.TomcatWebServer  : Tomcat initialized with port 8080 (http)
2024-03-21T13:45:18.868+05:30  INFO 8860 --- [user_profile] [restartedMain] o.apache.catalina.core.StandardService   : Starting service [Tomcat]
2024-03-21T13:45:18.868+05:30  INFO 8860 --- [user_profile] [restartedMain] o.apache.catalina.core.StandardEngine    : Starting Servlet engine: [Apache Tomcat/10.1.19]
2024-03-21T13:45:18.960+05:30  INFO 8860 --- [user_profile] [restartedMain] o.a.c.c.C.[Tomcat].[localhost].[/]       : Initializing Spring embedded WebApplicationContext
2024-03-21T13:45:18.961+05:30  INFO 8860 --- [user_profile] [restartedMain] w.s.c.ServletWebServerApplicationContext : Root WebApplicationContext: initialization completed in 2200 ms
2024-03-21T13:45:19.208+05:30  INFO 8860 --- [user_profile] [restartedMain] o.hibernate.jpa.internal.util.LogHelper  : HHH000204: Processing PersistenceUnitInfo [name: default]
2024-03-21T13:45:19.300+05:30  INFO 8860 --- [user_profile] [restartedMain] org.hibernate.Version                    : HHH000412: Hibernate ORM core version 6.4.4.Final
2024-03-21T13:45:19.363+05:30  INFO 8860 --- [user_profile] [restartedMain] o.h.c.internal.RegionFactoryInitiator    : HHH000026: Second-level cache disabled
2024-03-21T13:45:19.724+05:30  INFO 8860 --- [user_profile] [restartedMain] o.s.o.j.p.SpringPersistenceUnitInfo      : No LoadTimeWeaver setup: ignoring JPA class transformer
2024-03-21T13:45:19.765+05:30  INFO 8860 --- [user_profile] [restartedMain] com.zaxxer.hikari.HikariDataSource       : HikariPool-1 - Starting...
2024-03-21T13:45:20.208+05:30  INFO 8860 --- [user_profile] [restartedMain] com.zaxxer.hikari.pool.HikariPool        : HikariPool-1 - Added connection com.mysql.cj.jdbc.ConnectionImpl@25449fa3
2024-03-21T13:45:20.212+05:30  INFO 8860 --- [user_profile] [restartedMain] com.zaxxer.hikari.HikariDataSource       : HikariPool-1 - Start completed.
2024-03-21T13:45:20.297+05:30  WARN 8860 --- [user_profile] [restartedMain] org.hibernate.orm.deprecation            : HHH90000025: MySQL8Dialect does not need to be specified explicitly using 'hibernate.dialect' (remove the property setting and it will be selected by default)
2024-03-21T13:45:20.298+05:30  WARN 8860 --- [user_profile] [restartedMain] org.hibernate.orm.deprecation            : HHH90000026: MySQL8Dialect has been deprecated; use org.hibernate.dialect.MySQLDialect instead
2024-03-21T13:45:21.459+05:30  INFO 8860 --- [user_profile] [restartedMain] o.h.e.t.j.p.i.JtaPlatformInitiator       : HHH000489: No JTA platform available (set 'hibernate.transaction.jta.platform' to enable JTA platform integration)
2024-03-21T13:45:21.529+05:30  INFO 8860 --- [user_profile] [restartedMain] j.LocalContainerEntityManagerFactoryBean : Initialized JPA EntityManagerFactory for persistence unit 'default'
2024-03-21T13:45:22.079+05:30  WARN 8860 --- [user_profile] [restartedMain] JpaBaseConfiguration$JpaWebConfiguration : spring.jpa.open-in-view is enabled by default. Therefore, database queries may be performed during view rendering. Explicitly configure spring.jpa.open-in-view to disable this warning
2024-03-21T13:45:22.442+05:30  INFO 8860 --- [user_profile] [restartedMain] o.s.s.web.DefaultSecurityFilterChain     : Will secure any request with [org.springframework.security.web.session.DisableEncodeUrlFilter@66569db2, org.springframework.security.web.context.request.async.WebAsyncManagerIntegrationFilter@4debc457, org.springframework.security.web.context.SecurityContextHolderFilter@5e6e2217, org.springframework.security.web.header.HeaderWriterFilter@5fd76e48, org.springframework.web.filter.CorsFilter@3cce7c3, org.springframework.security.web.authentication.logout.LogoutFilter@565df4ab, org.springframework.security.web.authentication.www.BasicAuthenticationFilter@620933fc, org.springframework.security.web.savedrequest.RequestCacheAwareFilter@76aae8da, org.springframework.security.web.servletapi.SecurityContextHolderAwareRequestFilter@385736f4, org.springframework.security.web.authentication.AnonymousAuthenticationFilter@11f42f1e, org.springframework.security.web.access.ExceptionTranslationFilter@1844dfbd, org.springframework.security.web.access.intercept.AuthorizationFilter@3f552ce8]
2024-03-21T13:45:22.712+05:30  INFO 8860 --- [user_profile] [restartedMain] o.s.b.d.a.OptionalLiveReloadServer       : LiveReload server is running on port 35729
2024-03-21T13:45:22.756+05:30  INFO 8860 --- [user_profile] [restartedMain] o.s.b.w.embedded.tomcat.TomcatWebServer  : Tomcat started on port 8080 (http) with context path ''
2024-03-21T13:45:22.773+05:30  INFO 8860 --- [user_profile] [restartedMain] c.spring.secure.UserProfileApplication   : Started UserProfileApplication in 6.893 seconds (process running for 7.556)
2024-03-21T13:45:33.789+05:30  INFO 8860 --- [user_profile] [http-nio-8080-exec-1] o.a.c.c.C.[Tomcat].[localhost].[/]       : Initializing Spring DispatcherServlet 'dispatcherServlet'
2024-03-21T13:45:33.790+05:30  INFO 8860 --- [user_profile] [http-nio-8080-exec-1] o.s.web.servlet.DispatcherServlet        : Initializing Servlet 'dispatcherServlet'
2024-03-21T13:45:33.794+05:30  INFO 8860 --- [user_profile] [http-nio-8080-exec-1] o.s.web.servlet.DispatcherServlet        : Completed initialization in 2 ms
2024-03-21T13:48:43.718+05:30  WARN 8860 --- [user_profile] [http-nio-8080-exec-9] .w.s.m.s.DefaultHandlerExceptionResolver : Resolved [org.springframework.web.HttpRequestMethodNotSupportedException: Request method 'POST' is not supported]
2024-03-21T13:54:46.386+05:30  WARN 8860 --- [user_profile] [http-nio-8080-exec-3] .w.s.m.s.DefaultHandlerExceptionResolver : Resolved [org.springframework.web.HttpRequestMethodNotSupportedException: Request method 'GET' is not supported]
2024-03-21T14:21:57.840+05:30  WARN 8860 --- [user_profile] [HikariPool-1 housekeeper] com.zaxxer.hikari.pool.HikariPool        : HikariPool-1 - Thread starvation or clock leap detected (housekeeper delta=12m7s121ms711µs).
2024-03-21T14:39:37.514+05:30  WARN 8860 --- [user_profile] [HikariPool-1 housekeeper] com.zaxxer.hikari.pool.HikariPool        : HikariPool-1 - Thread starvation or clock leap detected (housekeeper delta=6m9s492ms412µs501ns).
2024-03-21T15:04:17.117+05:30  WARN 8860 --- [user_profile] [HikariPool-1 housekeeper] com.zaxxer.hikari.pool.HikariPool        : HikariPool-1 - Thread starvation or clock leap detected (housekeeper delta=23m39s588ms521µs700ns).
2024-03-21T15:17:30.242+05:30  WARN 8860 --- [user_profile] [HikariPool-1 housekeeper] com.zaxxer.hikari.pool.HikariPool        : HikariPool-1 - Thread starvation or clock leap detected (housekeeper delta=13m13s125ms425µs300ns).
2024-03-21T15:19:57.647+05:30  INFO 8860 --- [user_profile] [File Watcher] rtingClassPathChangeChangedEventListener : Restarting due to 1 class path change (0 additions, 0 deletions, 1 modification)
2024-03-21T15:19:57.719+05:30  INFO 8860 --- [user_profile] [Thread-5] j.LocalContainerEntityManagerFactoryBean : Closing JPA EntityManagerFactory for persistence unit 'default'
2024-03-21T15:19:57.736+05:30  INFO 8860 --- [user_profile] [Thread-5] com.zaxxer.hikari.HikariDataSource       : HikariPool-1 - Shutdown initiated...
2024-03-21T15:19:57.762+05:30  INFO 8860 --- [user_profile] [Thread-5] com.zaxxer.hikari.HikariDataSource       : HikariPool-1 - Shutdown completed.
2024-03-21T15:19:58.053+05:30  INFO 8860 --- [user_profile] [restartedMain] c.spring.secure.UserProfileApplication   : Starting UserProfileApplication using Java 17.0.10 with PID 8860 (C:\Users\ParnapalliNandiniNar\Downloads\user_profile 1\user_profile\target\classes started by ParnapalliNandiniNar in C:\Users\ParnapalliNandiniNar\Downloads\user_profile 1\user_profile)
2024-03-21T15:19:58.054+05:30  INFO 8860 --- [user_profile] [restartedMain] c.spring.secure.UserProfileApplication   : No active profile set, falling back to 1 default profile: "default"
2024-03-21T15:19:58.441+05:30  INFO 8860 --- [user_profile] [restartedMain] .s.d.r.c.RepositoryConfigurationDelegate : Bootstrapping Spring Data JPA repositories in DEFAULT mode.
2024-03-21T15:19:58.460+05:30  INFO 8860 --- [user_profile] [restartedMain] .s.d.r.c.RepositoryConfigurationDelegate : Finished Spring Data repository scanning in 18 ms. Found 1 JPA repository interface.
2024-03-21T15:19:58.611+05:30  INFO 8860 --- [user_profile] [restartedMain] o.s.b.w.embedded.tomcat.TomcatWebServer  : Tomcat initialized with port 8080 (http)
2024-03-21T15:19:58.612+05:30  INFO 8860 --- [user_profile] [restartedMain] o.apache.catalina.core.StandardService   : Starting service [Tomcat]
2024-03-21T15:19:58.612+05:30  INFO 8860 --- [user_profile] [restartedMain] o.apache.catalina.core.StandardEngine    : Starting Servlet engine: [Apache Tomcat/10.1.19]
2024-03-21T15:19:58.653+05:30  INFO 8860 --- [user_profile] [restartedMain] o.a.c.c.C.[Tomcat].[localhost].[/]       : Initializing Spring embedded WebApplicationContext
2024-03-21T15:19:58.654+05:30  INFO 8860 --- [user_profile] [restartedMain] w.s.c.ServletWebServerApplicationContext : Root WebApplicationContext: initialization completed in 594 ms
2024-03-21T15:19:58.703+05:30  INFO 8860 --- [user_profile] [restartedMain] o.hibernate.jpa.internal.util.LogHelper  : HHH000204: Processing PersistenceUnitInfo [name: default]
2024-03-21T15:19:58.708+05:30  INFO 8860 --- [user_profile] [restartedMain] o.h.c.internal.RegionFactoryInitiator    : HHH000026: Second-level cache disabled
2024-03-21T15:19:58.717+05:30  INFO 8860 --- [user_profile] [restartedMain] o.s.o.j.p.SpringPersistenceUnitInfo      : No LoadTimeWeaver setup: ignoring JPA class transformer
2024-03-21T15:19:58.718+05:30  INFO 8860 --- [user_profile] [restartedMain] com.zaxxer.hikari.HikariDataSource       : HikariPool-2 - Starting...
2024-03-21T15:19:58.737+05:30  INFO 8860 --- [user_profile] [restartedMain] com.zaxxer.hikari.pool.HikariPool        : HikariPool-2 - Added connection com.mysql.cj.jdbc.ConnectionImpl@1ed4d76c
2024-03-21T15:19:58.738+05:30  INFO 8860 --- [user_profile] [restartedMain] com.zaxxer.hikari.HikariDataSource       : HikariPool-2 - Start completed.
2024-03-21T15:19:58.739+05:30  WARN 8860 --- [user_profile] [restartedMain] org.hibernate.orm.deprecation            : HHH90000025: MySQL8Dialect does not need to be specified explicitly using 'hibernate.dialect' (remove the property setting and it will be selected by default)
2024-03-21T15:19:58.739+05:30  WARN 8860 --- [user_profile] [restartedMain] org.hibernate.orm.deprecation            : HHH90000026: MySQL8Dialect has been deprecated; use org.hibernate.dialect.MySQLDialect instead
2024-03-21T15:19:58.799+05:30  INFO 8860 --- [user_profile] [restartedMain] o.h.e.t.j.p.i.JtaPlatformInitiator       : HHH000489: No JTA platform available (set 'hibernate.transaction.jta.platform' to enable JTA platform integration)
2024-03-21T15:19:58.816+05:30  INFO 8860 --- [user_profile] [restartedMain] j.LocalContainerEntityManagerFactoryBean : Initialized JPA EntityManagerFactory for persistence unit 'default'
2024-03-21T15:19:58.933+05:30  WARN 8860 --- [user_profile] [restartedMain] JpaBaseConfiguration$JpaWebConfiguration : spring.jpa.open-in-view is enabled by default. Therefore, database queries may be performed during view rendering. Explicitly configure spring.jpa.open-in-view to disable this warning
2024-03-21T15:19:59.029+05:30  INFO 8860 --- [user_profile] [restartedMain] o.s.s.web.DefaultSecurityFilterChain     : Will secure any request with [org.springframework.security.web.session.DisableEncodeUrlFilter@197ea142, org.springframework.security.web.context.request.async.WebAsyncManagerIntegrationFilter@58f7b7f2, org.springframework.security.web.context.SecurityContextHolderFilter@1ed177a6, org.springframework.security.web.header.HeaderWriterFilter@19e23403, org.springframework.web.filter.CorsFilter@573a4fa0, org.springframework.security.web.authentication.logout.LogoutFilter@1891273f, org.springframework.security.web.authentication.www.BasicAuthenticationFilter@847d7aa, org.springframework.security.web.savedrequest.RequestCacheAwareFilter@707771fe, org.springframework.security.web.servletapi.SecurityContextHolderAwareRequestFilter@5a263f8, org.springframework.security.web.authentication.AnonymousAuthenticationFilter@61f6286a, org.springframework.security.web.access.ExceptionTranslationFilter@7d410c24, org.springframework.security.web.access.intercept.AuthorizationFilter@4589496d]
2024-03-21T15:19:59.115+05:30  INFO 8860 --- [user_profile] [restartedMain] o.s.b.d.a.OptionalLiveReloadServer       : LiveReload server is running on port 35729
2024-03-21T15:19:59.134+05:30  INFO 8860 --- [user_profile] [restartedMain] o.s.b.w.embedded.tomcat.TomcatWebServer  : Tomcat started on port 8080 (http) with context path ''
2024-03-21T15:19:59.140+05:30  INFO 8860 --- [user_profile] [restartedMain] c.spring.secure.UserProfileApplication   : Started UserProfileApplication in 1.151 seconds (process running for 5683.924)
2024-03-21T15:19:59.144+05:30  INFO 8860 --- [user_profile] [restartedMain] .ConditionEvaluationDeltaLoggingListener : Condition evaluation unchanged
